<?xml version="1.0" encoding="UTF-8"?>
<testng-results ignored="0" total="2" passed="2" failed="0" skipped="0">
  <reporter-output>
  </reporter-output>
  <suite started-at="2024-06-14T13:55:00 IST" name="Default suite" finished-at="2024-06-14T13:55:13 IST" duration-ms="13349">
    <groups>
    </groups>
    <test started-at="2024-06-14T13:55:00 IST" name="Default test" finished-at="2024-06-14T13:55:13 IST" duration-ms="13349">
      <class name="testpkg.Amzlogintest">
        <test-method is-config="true" signature="setup()[pri:0, instance:testpkg.Amzlogintest@4145bad8]" started-at="2024-06-14T13:55:00 IST" name="setup" finished-at="2024-06-14T13:55:05 IST" duration-ms="5345" status="PASS">
          <reporter-output>
          </reporter-output>
        </test-method> <!-- setup -->
        <test-method signature="signin()[pri:1, instance:testpkg.Amzlogintest@4145bad8]" started-at="2024-06-14T13:55:05 IST" name="signin" finished-at="2024-06-14T13:55:09 IST" duration-ms="3829" status="PASS">
          <reporter-output>
          </reporter-output>
        </test-method> <!-- signin -->
        <test-method signature="login()[pri:2, instance:testpkg.Amzlogintest@4145bad8]" started-at="2024-06-14T13:55:09 IST" name="login" finished-at="2024-06-14T13:55:13 IST" duration-ms="4048" status="PASS">
          <reporter-output>
          </reporter-output>
        </test-method> <!-- login -->
      </class> <!-- testpkg.Amzlogintest -->
    </test> <!-- Default test -->
  </suite> <!-- Default suite -->
</testng-results>
